mode: set
github.com/cyborg001/awesome-api/main.go:13.13,15.44 2 0
github.com/cyborg001/awesome-api/main.go:18.3,21.58 2 0
github.com/cyborg001/awesome-api/main.go:15.44,17.4 1 0
github.com/cyborg001/awesome-api/main.go:24.32,33.2 4 1
github.com/cyborg001/awesome-api/main.go:35.65,43.2 2 1
github.com/cyborg001/awesome-api/main.go:45.59,53.26 4 1
github.com/cyborg001/awesome-api/main.go:66.3,66.17 1 1
github.com/cyborg001/awesome-api/main.go:71.3,74.57 2 1
github.com/cyborg001/awesome-api/main.go:54.10,56.14 1 1
github.com/cyborg001/awesome-api/main.go:57.10,59.25 1 1
github.com/cyborg001/awesome-api/main.go:60.11,62.41 1 0
github.com/cyborg001/awesome-api/main.go:66.17,68.4 1 1
